{"C:\\Users\\jaris\\Documents\\YLIOPISTO_2018-20\\Kesken_hylyt\\Fullstack\\osa4\\frontend\\src\\App.js": {"path":"C:\\Users\\jaris\\Documents\\YLIOPISTO_2018-20\\Kesken_hylyt\\Fullstack\\osa4\\frontend\\src\\App.js","statementMap":{"0":{"start":{"line":14,"column":12},"end":{"line":233,"column":1}},"1":{"start":{"line":15,"column":30},"end":{"line":15,"column":42}},"2":{"start":{"line":16,"column":34},"end":{"line":16,"column":48}},"3":{"start":{"line":17,"column":46},"end":{"line":17,"column":58}},"4":{"start":{"line":18,"column":44},"end":{"line":18,"column":58}},"5":{"start":{"line":19,"column":34},"end":{"line":19,"column":48}},"6":{"start":{"line":20,"column":28},"end":{"line":20,"column":42}},"7":{"start":{"line":22,"column":22},"end":{"line":22,"column":30}},"8":{"start":{"line":23,"column":23},"end":{"line":23,"column":31}},"9":{"start":{"line":25,"column":17},"end":{"line":25,"column":40}},"10":{"start":{"line":26,"column":19},"end":{"line":26,"column":39}},"11":{"start":{"line":28,"column":2},"end":{"line":34,"column":8}},"12":{"start":{"line":29,"column":4},"end":{"line":33,"column":8}},"13":{"start":{"line":32,"column":8},"end":{"line":32,"column":30}},"14":{"start":{"line":36,"column":2},"end":{"line":43,"column":8}},"15":{"start":{"line":37,"column":27},"end":{"line":37,"column":79}},"16":{"start":{"line":38,"column":4},"end":{"line":42,"column":5}},"17":{"start":{"line":39,"column":19},"end":{"line":39,"column":45}},"18":{"start":{"line":40,"column":6},"end":{"line":40,"column":19}},"19":{"start":{"line":41,"column":6},"end":{"line":41,"column":38}},"20":{"start":{"line":45,"column":22},"end":{"line":64,"column":3}},"21":{"start":{"line":46,"column":4},"end":{"line":63,"column":5}},"22":{"start":{"line":47,"column":6},"end":{"line":47,"column":49}},"23":{"start":{"line":48,"column":6},"end":{"line":50,"column":14}},"24":{"start":{"line":49,"column":8},"end":{"line":49,"column":29}},"25":{"start":{"line":52,"column":6},"end":{"line":62,"column":7}},"26":{"start":{"line":53,"column":21},"end":{"line":53,"column":58}},"27":{"start":{"line":54,"column":8},"end":{"line":54,"column":82}},"28":{"start":{"line":55,"column":8},"end":{"line":55,"column":40}},"29":{"start":{"line":56,"column":8},"end":{"line":56,"column":21}},"30":{"start":{"line":58,"column":8},"end":{"line":58,"column":53}},"31":{"start":{"line":59,"column":8},"end":{"line":61,"column":16}},"32":{"start":{"line":60,"column":10},"end":{"line":60,"column":31}},"33":{"start":{"line":66,"column":23},"end":{"line":79,"column":3}},"34":{"start":{"line":67,"column":4},"end":{"line":67,"column":26}},"35":{"start":{"line":68,"column":4},"end":{"line":76,"column":5}},"36":{"start":{"line":69,"column":6},"end":{"line":69,"column":19}},"37":{"start":{"line":70,"column":6},"end":{"line":70,"column":33}},"38":{"start":{"line":72,"column":6},"end":{"line":72,"column":37}},"39":{"start":{"line":73,"column":6},"end":{"line":75,"column":14}},"40":{"start":{"line":74,"column":8},"end":{"line":74,"column":29}},"41":{"start":{"line":77,"column":4},"end":{"line":77,"column":28}},"42":{"start":{"line":78,"column":4},"end":{"line":78,"column":42}},"43":{"start":{"line":81,"column":32},"end":{"line":81,"column":85}},"44":{"start":{"line":81,"column":45},"end":{"line":81,"column":83}},"45":{"start":{"line":82,"column":25},"end":{"line":87,"column":3}},"46":{"start":{"line":83,"column":4},"end":{"line":83,"column":26}},"47":{"start":{"line":84,"column":4},"end":{"line":86,"column":5}},"48":{"start":{"line":85,"column":6},"end":{"line":85,"column":23}},"49":{"start":{"line":90,"column":4},"end":{"line":90,"column":28}},"50":{"start":{"line":93,"column":22},"end":{"line":96,"column":64}},"51":{"start":{"line":95,"column":27},"end":{"line":96,"column":42}},"52":{"start":{"line":98,"column":15},"end":{"line":106,"column":3}},"53":{"start":{"line":98,"column":21},"end":{"line":106,"column":3}},"54":{"start":{"line":99,"column":4},"end":{"line":105,"column":6}},"55":{"start":{"line":103,"column":22},"end":{"line":103,"column":41}},"56":{"start":{"line":104,"column":24},"end":{"line":104,"column":45}},"57":{"start":{"line":108,"column":18},"end":{"line":125,"column":3}},"58":{"start":{"line":109,"column":4},"end":{"line":109,"column":42}},"59":{"start":{"line":110,"column":4},"end":{"line":124,"column":8}},"60":{"start":{"line":113,"column":8},"end":{"line":113,"column":43}},"61":{"start":{"line":114,"column":8},"end":{"line":114,"column":79}},"62":{"start":{"line":115,"column":8},"end":{"line":117,"column":16}},"63":{"start":{"line":116,"column":10},"end":{"line":116,"column":26}},"64":{"start":{"line":120,"column":8},"end":{"line":120,"column":60}},"65":{"start":{"line":121,"column":8},"end":{"line":123,"column":16}},"66":{"start":{"line":122,"column":10},"end":{"line":122,"column":31}},"67":{"start":{"line":127,"column":21},"end":{"line":154,"column":3}},"68":{"start":{"line":128,"column":17},"end":{"line":128,"column":45}},"69":{"start":{"line":128,"column":33},"end":{"line":128,"column":44}},"70":{"start":{"line":129,"column":24},"end":{"line":135,"column":5}},"71":{"start":{"line":137,"column":4},"end":{"line":153,"column":8}},"72":{"start":{"line":140,"column":8},"end":{"line":144,"column":10}},"73":{"start":{"line":141,"column":21},"end":{"line":143,"column":26}},"74":{"start":{"line":147,"column":8},"end":{"line":147,"column":30}},"75":{"start":{"line":148,"column":8},"end":{"line":148,"column":35}},"76":{"start":{"line":149,"column":8},"end":{"line":151,"column":16}},"77":{"start":{"line":150,"column":10},"end":{"line":150,"column":31}},"78":{"start":{"line":152,"column":8},"end":{"line":152,"column":53}},"79":{"start":{"line":152,"column":35},"end":{"line":152,"column":51}},"80":{"start":{"line":156,"column":23},"end":{"line":178,"column":3}},"81":{"start":{"line":157,"column":17},"end":{"line":157,"column":45}},"82":{"start":{"line":157,"column":33},"end":{"line":157,"column":44}},"83":{"start":{"line":159,"column":4},"end":{"line":177,"column":5}},"84":{"start":{"line":160,"column":6},"end":{"line":176,"column":10}},"85":{"start":{"line":163,"column":10},"end":{"line":163,"column":50}},"86":{"start":{"line":163,"column":37},"end":{"line":163,"column":48}},"87":{"start":{"line":164,"column":10},"end":{"line":164,"column":32}},"88":{"start":{"line":165,"column":10},"end":{"line":165,"column":49}},"89":{"start":{"line":166,"column":10},"end":{"line":168,"column":18}},"90":{"start":{"line":167,"column":12},"end":{"line":167,"column":28}},"91":{"start":{"line":171,"column":10},"end":{"line":171,"column":32}},"92":{"start":{"line":172,"column":10},"end":{"line":172,"column":37}},"93":{"start":{"line":173,"column":10},"end":{"line":175,"column":18}},"94":{"start":{"line":174,"column":12},"end":{"line":174,"column":33}},"95":{"start":{"line":180,"column":20},"end":{"line":184,"column":3}},"96":{"start":{"line":181,"column":4},"end":{"line":183,"column":16}},"97":{"start":{"line":186,"column":19},"end":{"line":190,"column":3}},"98":{"start":{"line":187,"column":4},"end":{"line":189,"column":16}},"99":{"start":{"line":192,"column":17},"end":{"line":198,"column":3}},"100":{"start":{"line":193,"column":4},"end":{"line":197,"column":6}},"101":{"start":{"line":200,"column":2},"end":{"line":232,"column":3}}},"fnMap":{"0":{"name":"(anonymous_0)","decl":{"start":{"line":14,"column":12},"end":{"line":14,"column":13}},"loc":{"start":{"line":14,"column":18},"end":{"line":233,"column":1}},"line":14},"1":{"name":"(anonymous_1)","decl":{"start":{"line":28,"column":12},"end":{"line":28,"column":13}},"loc":{"start":{"line":28,"column":18},"end":{"line":34,"column":3}},"line":28},"2":{"name":"(anonymous_2)","decl":{"start":{"line":31,"column":12},"end":{"line":31,"column":13}},"loc":{"start":{"line":31,"column":28},"end":{"line":33,"column":7}},"line":31},"3":{"name":"(anonymous_3)","decl":{"start":{"line":36,"column":12},"end":{"line":36,"column":13}},"loc":{"start":{"line":36,"column":18},"end":{"line":43,"column":3}},"line":36},"4":{"name":"(anonymous_4)","decl":{"start":{"line":45,"column":22},"end":{"line":45,"column":23}},"loc":{"start":{"line":45,"column":45},"end":{"line":64,"column":3}},"line":45},"5":{"name":"(anonymous_5)","decl":{"start":{"line":48,"column":17},"end":{"line":48,"column":18}},"loc":{"start":{"line":48,"column":23},"end":{"line":50,"column":7}},"line":48},"6":{"name":"(anonymous_6)","decl":{"start":{"line":59,"column":19},"end":{"line":59,"column":20}},"loc":{"start":{"line":59,"column":25},"end":{"line":61,"column":9}},"line":59},"7":{"name":"(anonymous_7)","decl":{"start":{"line":66,"column":23},"end":{"line":66,"column":24}},"loc":{"start":{"line":66,"column":40},"end":{"line":79,"column":3}},"line":66},"8":{"name":"(anonymous_8)","decl":{"start":{"line":73,"column":17},"end":{"line":73,"column":18}},"loc":{"start":{"line":73,"column":23},"end":{"line":75,"column":7}},"line":73},"9":{"name":"(anonymous_9)","decl":{"start":{"line":81,"column":32},"end":{"line":81,"column":33}},"loc":{"start":{"line":81,"column":43},"end":{"line":81,"column":85}},"line":81},"10":{"name":"(anonymous_10)","decl":{"start":{"line":82,"column":25},"end":{"line":82,"column":26}},"loc":{"start":{"line":82,"column":36},"end":{"line":87,"column":3}},"line":82},"11":{"name":"compareNumbers","decl":{"start":{"line":89,"column":11},"end":{"line":89,"column":25}},"loc":{"start":{"line":89,"column":32},"end":{"line":91,"column":3}},"line":89},"12":{"name":"(anonymous_12)","decl":{"start":{"line":95,"column":19},"end":{"line":95,"column":20}},"loc":{"start":{"line":95,"column":27},"end":{"line":96,"column":42}},"line":95},"13":{"name":"(anonymous_13)","decl":{"start":{"line":98,"column":15},"end":{"line":98,"column":16}},"loc":{"start":{"line":98,"column":21},"end":{"line":106,"column":3}},"line":98},"14":{"name":"(anonymous_14)","decl":{"start":{"line":98,"column":37},"end":{"line":98,"column":38}},"loc":{"start":{"line":99,"column":4},"end":{"line":105,"column":6}},"line":99},"15":{"name":"(anonymous_15)","decl":{"start":{"line":103,"column":16},"end":{"line":103,"column":17}},"loc":{"start":{"line":103,"column":22},"end":{"line":103,"column":41}},"line":103},"16":{"name":"(anonymous_16)","decl":{"start":{"line":104,"column":18},"end":{"line":104,"column":19}},"loc":{"start":{"line":104,"column":24},"end":{"line":104,"column":45}},"line":104},"17":{"name":"(anonymous_17)","decl":{"start":{"line":108,"column":18},"end":{"line":108,"column":19}},"loc":{"start":{"line":108,"column":34},"end":{"line":125,"column":3}},"line":108},"18":{"name":"(anonymous_18)","decl":{"start":{"line":112,"column":12},"end":{"line":112,"column":13}},"loc":{"start":{"line":112,"column":27},"end":{"line":118,"column":7}},"line":112},"19":{"name":"(anonymous_19)","decl":{"start":{"line":115,"column":19},"end":{"line":115,"column":20}},"loc":{"start":{"line":115,"column":25},"end":{"line":117,"column":9}},"line":115},"20":{"name":"(anonymous_20)","decl":{"start":{"line":119,"column":13},"end":{"line":119,"column":14}},"loc":{"start":{"line":119,"column":24},"end":{"line":124,"column":7}},"line":119},"21":{"name":"(anonymous_21)","decl":{"start":{"line":121,"column":19},"end":{"line":121,"column":20}},"loc":{"start":{"line":121,"column":25},"end":{"line":123,"column":9}},"line":121},"22":{"name":"(anonymous_22)","decl":{"start":{"line":127,"column":21},"end":{"line":127,"column":22}},"loc":{"start":{"line":127,"column":29},"end":{"line":154,"column":3}},"line":127},"23":{"name":"(anonymous_23)","decl":{"start":{"line":128,"column":28},"end":{"line":128,"column":29}},"loc":{"start":{"line":128,"column":33},"end":{"line":128,"column":44}},"line":128},"24":{"name":"(anonymous_24)","decl":{"start":{"line":139,"column":12},"end":{"line":139,"column":13}},"loc":{"start":{"line":139,"column":28},"end":{"line":145,"column":7}},"line":139},"25":{"name":"(anonymous_25)","decl":{"start":{"line":141,"column":10},"end":{"line":141,"column":11}},"loc":{"start":{"line":141,"column":21},"end":{"line":143,"column":26}},"line":141},"26":{"name":"(anonymous_26)","decl":{"start":{"line":146,"column":13},"end":{"line":146,"column":14}},"loc":{"start":{"line":146,"column":22},"end":{"line":153,"column":7}},"line":146},"27":{"name":"(anonymous_27)","decl":{"start":{"line":149,"column":19},"end":{"line":149,"column":20}},"loc":{"start":{"line":149,"column":25},"end":{"line":151,"column":9}},"line":149},"28":{"name":"(anonymous_28)","decl":{"start":{"line":152,"column":30},"end":{"line":152,"column":31}},"loc":{"start":{"line":152,"column":35},"end":{"line":152,"column":51}},"line":152},"29":{"name":"(anonymous_29)","decl":{"start":{"line":156,"column":23},"end":{"line":156,"column":24}},"loc":{"start":{"line":156,"column":29},"end":{"line":178,"column":3}},"line":156},"30":{"name":"(anonymous_30)","decl":{"start":{"line":157,"column":28},"end":{"line":157,"column":29}},"loc":{"start":{"line":157,"column":33},"end":{"line":157,"column":44}},"line":157},"31":{"name":"(anonymous_31)","decl":{"start":{"line":162,"column":14},"end":{"line":162,"column":15}},"loc":{"start":{"line":162,"column":20},"end":{"line":169,"column":9}},"line":162},"32":{"name":"(anonymous_32)","decl":{"start":{"line":163,"column":32},"end":{"line":163,"column":33}},"loc":{"start":{"line":163,"column":37},"end":{"line":163,"column":48}},"line":163},"33":{"name":"(anonymous_33)","decl":{"start":{"line":166,"column":21},"end":{"line":166,"column":22}},"loc":{"start":{"line":166,"column":27},"end":{"line":168,"column":11}},"line":166},"34":{"name":"(anonymous_34)","decl":{"start":{"line":170,"column":15},"end":{"line":170,"column":16}},"loc":{"start":{"line":170,"column":24},"end":{"line":176,"column":9}},"line":170},"35":{"name":"(anonymous_35)","decl":{"start":{"line":173,"column":21},"end":{"line":173,"column":22}},"loc":{"start":{"line":173,"column":27},"end":{"line":175,"column":11}},"line":173},"36":{"name":"(anonymous_36)","decl":{"start":{"line":180,"column":20},"end":{"line":180,"column":21}},"loc":{"start":{"line":181,"column":4},"end":{"line":183,"column":16}},"line":181},"37":{"name":"(anonymous_37)","decl":{"start":{"line":186,"column":19},"end":{"line":186,"column":20}},"loc":{"start":{"line":187,"column":4},"end":{"line":189,"column":16}},"line":187},"38":{"name":"(anonymous_38)","decl":{"start":{"line":192,"column":17},"end":{"line":192,"column":18}},"loc":{"start":{"line":193,"column":4},"end":{"line":197,"column":6}},"line":193}},"branchMap":{"0":{"loc":{"start":{"line":38,"column":4},"end":{"line":42,"column":5}},"type":"if","locations":[{"start":{"line":38,"column":4},"end":{"line":42,"column":5}},{"start":{"line":38,"column":4},"end":{"line":42,"column":5}}],"line":38},"1":{"loc":{"start":{"line":46,"column":4},"end":{"line":63,"column":5}},"type":"if","locations":[{"start":{"line":46,"column":4},"end":{"line":63,"column":5}},{"start":{"line":46,"column":4},"end":{"line":63,"column":5}}],"line":46},"2":{"loc":{"start":{"line":46,"column":8},"end":{"line":46,"column":66}},"type":"binary-expr","locations":[{"start":{"line":46,"column":8},"end":{"line":46,"column":35}},{"start":{"line":46,"column":39},"end":{"line":46,"column":66}}],"line":46},"3":{"loc":{"start":{"line":84,"column":4},"end":{"line":86,"column":5}},"type":"if","locations":[{"start":{"line":84,"column":4},"end":{"line":86,"column":5}},{"start":{"line":84,"column":4},"end":{"line":86,"column":5}}],"line":84},"4":{"loc":{"start":{"line":93,"column":22},"end":{"line":96,"column":64}},"type":"cond-expr","locations":[{"start":{"line":94,"column":6},"end":{"line":94,"column":32}},{"start":{"line":95,"column":6},"end":{"line":96,"column":64}}],"line":93},"5":{"loc":{"start":{"line":141,"column":21},"end":{"line":143,"column":26}},"type":"cond-expr","locations":[{"start":{"line":142,"column":14},"end":{"line":142,"column":21}},{"start":{"line":143,"column":14},"end":{"line":143,"column":26}}],"line":141},"6":{"loc":{"start":{"line":159,"column":4},"end":{"line":177,"column":5}},"type":"if","locations":[{"start":{"line":159,"column":4},"end":{"line":177,"column":5}},{"start":{"line":159,"column":4},"end":{"line":177,"column":5}}],"line":159},"7":{"loc":{"start":{"line":206,"column":9},"end":{"line":214,"column":23}},"type":"cond-expr","locations":[{"start":{"line":207,"column":10},"end":{"line":213,"column":16}},{"start":{"line":214,"column":12},"end":{"line":214,"column":23}}],"line":206},"8":{"loc":{"start":{"line":221,"column":9},"end":{"line":221,"column":36}},"type":"binary-expr","locations":[{"start":{"line":221,"column":9},"end":{"line":221,"column":22}},{"start":{"line":221,"column":26},"end":{"line":221,"column":36}}],"line":221},"9":{"loc":{"start":{"line":222,"column":9},"end":{"line":227,"column":14}},"type":"binary-expr","locations":[{"start":{"line":222,"column":9},"end":{"line":222,"column":22}},{"start":{"line":223,"column":8},"end":{"line":227,"column":14}}],"line":222}},"s":{"0":0,"1":0,"2":0,"3":0,"4":0,"5":0,"6":0,"7":0,"8":0,"9":0,"10":0,"11":0,"12":0,"13":0,"14":0,"15":0,"16":0,"17":0,"18":0,"19":0,"20":0,"21":0,"22":0,"23":0,"24":0,"25":0,"26":0,"27":0,"28":0,"29":0,"30":0,"31":0,"32":0,"33":0,"34":0,"35":0,"36":0,"37":0,"38":0,"39":0,"40":0,"41":0,"42":0,"43":0,"44":0,"45":0,"46":0,"47":0,"48":0,"49":0,"50":0,"51":0,"52":0,"53":0,"54":0,"55":0,"56":0,"57":0,"58":0,"59":0,"60":0,"61":0,"62":0,"63":0,"64":0,"65":0,"66":0,"67":0,"68":0,"69":0,"70":0,"71":0,"72":0,"73":0,"74":0,"75":0,"76":0,"77":0,"78":0,"79":0,"80":0,"81":0,"82":0,"83":0,"84":0,"85":0,"86":0,"87":0,"88":0,"89":0,"90":0,"91":0,"92":0,"93":0,"94":0,"95":0,"96":0,"97":0,"98":0,"99":0,"100":0,"101":0},"f":{"0":0,"1":0,"2":0,"3":0,"4":0,"5":0,"6":0,"7":0,"8":0,"9":0,"10":0,"11":0,"12":0,"13":0,"14":0,"15":0,"16":0,"17":0,"18":0,"19":0,"20":0,"21":0,"22":0,"23":0,"24":0,"25":0,"26":0,"27":0,"28":0,"29":0,"30":0,"31":0,"32":0,"33":0,"34":0,"35":0,"36":0,"37":0,"38":0},"b":{"0":[0,0],"1":[0,0],"2":[0,0],"3":[0,0],"4":[0,0],"5":[0,0],"6":[0,0],"7":[0,0],"8":[0,0],"9":[0,0]},"hash":"286d3fc73b80a89c67ee1e7d49fab3a046c4a97e"}
,"C:\\Users\\jaris\\Documents\\YLIOPISTO_2018-20\\Kesken_hylyt\\Fullstack\\osa4\\frontend\\src\\index.js": {"path":"C:\\Users\\jaris\\Documents\\YLIOPISTO_2018-20\\Kesken_hylyt\\Fullstack\\osa4\\frontend\\src\\index.js","statementMap":{"0":{"start":{"line":8,"column":0},"end":{"line":8,"column":57}}},"fnMap":{},"branchMap":{},"s":{"0":0},"f":{},"b":{},"hash":"dd39a51d5961f008f3f006e7ba6e4638c40461fb"}
,"C:\\Users\\jaris\\Documents\\YLIOPISTO_2018-20\\Kesken_hylyt\\Fullstack\\osa4\\frontend\\src\\serviceWorker.js": {"path":"C:\\Users\\jaris\\Documents\\YLIOPISTO_2018-20\\Kesken_hylyt\\Fullstack\\osa4\\frontend\\src\\serviceWorker.js","statementMap":{},"fnMap":{},"branchMap":{},"s":{},"f":{},"b":{},"hash":"115556cb84fb419e586e3b18e9064a0e44c3d455"}
,"C:\\Users\\jaris\\Documents\\YLIOPISTO_2018-20\\Kesken_hylyt\\Fullstack\\osa4\\frontend\\src\\components\\Blog.js": {"path":"C:\\Users\\jaris\\Documents\\YLIOPISTO_2018-20\\Kesken_hylyt\\Fullstack\\osa4\\frontend\\src\\components\\Blog.js","statementMap":{"0":{"start":{"line":4,"column":13},"end":{"line":75,"column":1}},"1":{"start":{"line":6,"column":32},"end":{"line":6,"column":47}},"2":{"start":{"line":8,"column":26},"end":{"line":8,"column":60}},"3":{"start":{"line":9,"column":26},"end":{"line":9,"column":60}},"4":{"start":{"line":11,"column":2},"end":{"line":74,"column":3}},"5":{"start":{"line":22,"column":35},"end":{"line":22,"column":51}},"6":{"start":{"line":38,"column":33},"end":{"line":38,"column":50}}},"fnMap":{"0":{"name":"(anonymous_0)","decl":{"start":{"line":4,"column":13},"end":{"line":4,"column":14}},"loc":{"start":{"line":4,"column":52},"end":{"line":75,"column":1}},"line":4},"1":{"name":"(anonymous_1)","decl":{"start":{"line":22,"column":29},"end":{"line":22,"column":30}},"loc":{"start":{"line":22,"column":35},"end":{"line":22,"column":51}},"line":22},"2":{"name":"(anonymous_2)","decl":{"start":{"line":38,"column":27},"end":{"line":38,"column":28}},"loc":{"start":{"line":38,"column":33},"end":{"line":38,"column":50}},"line":38}},"branchMap":{"0":{"loc":{"start":{"line":8,"column":37},"end":{"line":8,"column":58}},"type":"cond-expr","locations":[{"start":{"line":8,"column":47},"end":{"line":8,"column":53}},{"start":{"line":8,"column":56},"end":{"line":8,"column":58}}],"line":8},"1":{"loc":{"start":{"line":9,"column":37},"end":{"line":9,"column":58}},"type":"cond-expr","locations":[{"start":{"line":9,"column":47},"end":{"line":9,"column":49}},{"start":{"line":9,"column":52},"end":{"line":9,"column":58}}],"line":9},"2":{"loc":{"start":{"line":62,"column":17},"end":{"line":66,"column":23}},"type":"binary-expr","locations":[{"start":{"line":62,"column":17},"end":{"line":62,"column":45}},{"start":{"line":63,"column":18},"end":{"line":66,"column":23}}],"line":62}},"s":{"0":1,"1":6,"2":6,"3":6,"4":6,"5":1,"6":0},"f":{"0":6,"1":1,"2":0},"b":{"0":[1,5],"1":[1,5],"2":[6,6]},"_coverageSchema":"43e27e138ebf9cfc5966b082cf9a028302ed4184","hash":"5607e29fdcf143ce40d2fb044150ec64dfb93a17"}
,"C:\\Users\\jaris\\Documents\\YLIOPISTO_2018-20\\Kesken_hylyt\\Fullstack\\osa4\\frontend\\src\\components\\BlogForm.js": {"path":"C:\\Users\\jaris\\Documents\\YLIOPISTO_2018-20\\Kesken_hylyt\\Fullstack\\osa4\\frontend\\src\\components\\BlogForm.js","statementMap":{"0":{"start":{"line":4,"column":17},"end":{"line":71,"column":1}},"1":{"start":{"line":6,"column":2},"end":{"line":13,"column":3}},"2":{"start":{"line":15,"column":36},"end":{"line":15,"column":48}},"3":{"start":{"line":16,"column":38},"end":{"line":16,"column":50}},"4":{"start":{"line":17,"column":32},"end":{"line":17,"column":44}},"5":{"start":{"line":19,"column":28},"end":{"line":19,"column":74}},"6":{"start":{"line":19,"column":41},"end":{"line":19,"column":72}},"7":{"start":{"line":20,"column":29},"end":{"line":20,"column":76}},"8":{"start":{"line":20,"column":42},"end":{"line":20,"column":74}},"9":{"start":{"line":21,"column":26},"end":{"line":21,"column":70}},"10":{"start":{"line":21,"column":39},"end":{"line":21,"column":68}},"11":{"start":{"line":23,"column":18},"end":{"line":34,"column":3}},"12":{"start":{"line":24,"column":4},"end":{"line":24,"column":26}},"13":{"start":{"line":25,"column":4},"end":{"line":29,"column":6}},"14":{"start":{"line":31,"column":4},"end":{"line":31,"column":19}},"15":{"start":{"line":32,"column":4},"end":{"line":32,"column":20}},"16":{"start":{"line":33,"column":4},"end":{"line":33,"column":17}},"17":{"start":{"line":36,"column":2},"end":{"line":70,"column":3}}},"fnMap":{"0":{"name":"(anonymous_0)","decl":{"start":{"line":4,"column":17},"end":{"line":4,"column":18}},"loc":{"start":{"line":4,"column":37},"end":{"line":71,"column":1}},"line":4},"1":{"name":"(anonymous_1)","decl":{"start":{"line":19,"column":28},"end":{"line":19,"column":29}},"loc":{"start":{"line":19,"column":39},"end":{"line":19,"column":74}},"line":19},"2":{"name":"(anonymous_2)","decl":{"start":{"line":20,"column":29},"end":{"line":20,"column":30}},"loc":{"start":{"line":20,"column":40},"end":{"line":20,"column":76}},"line":20},"3":{"name":"(anonymous_3)","decl":{"start":{"line":21,"column":26},"end":{"line":21,"column":27}},"loc":{"start":{"line":21,"column":37},"end":{"line":21,"column":70}},"line":21},"4":{"name":"(anonymous_4)","decl":{"start":{"line":23,"column":18},"end":{"line":23,"column":19}},"loc":{"start":{"line":23,"column":29},"end":{"line":34,"column":3}},"line":23}},"branchMap":{},"s":{"0":1,"1":1,"2":1,"3":1,"4":1,"5":1,"6":0,"7":1,"8":0,"9":1,"10":0,"11":1,"12":1,"13":1,"14":1,"15":1,"16":1,"17":1},"f":{"0":1,"1":0,"2":0,"3":0,"4":1},"b":{},"_coverageSchema":"43e27e138ebf9cfc5966b082cf9a028302ed4184","hash":"61e8eb17d5e4abdc400496fbe685f71216f2b362"}
,"C:\\Users\\jaris\\Documents\\YLIOPISTO_2018-20\\Kesken_hylyt\\Fullstack\\osa4\\frontend\\src\\components\\Blogs.js": {"path":"C:\\Users\\jaris\\Documents\\YLIOPISTO_2018-20\\Kesken_hylyt\\Fullstack\\osa4\\frontend\\src\\components\\Blogs.js","statementMap":{"0":{"start":{"line":4,"column":14},"end":{"line":12,"column":1}},"1":{"start":{"line":6,"column":2},"end":{"line":11,"column":3}}},"fnMap":{"0":{"name":"(anonymous_0)","decl":{"start":{"line":4,"column":14},"end":{"line":4,"column":15}},"loc":{"start":{"line":4,"column":28},"end":{"line":12,"column":1}},"line":4}},"branchMap":{},"s":{"0":0,"1":0},"f":{"0":0},"b":{},"hash":"4c7c601ef88f80653f6952e70c7f59c837df6e36"}
,"C:\\Users\\jaris\\Documents\\YLIOPISTO_2018-20\\Kesken_hylyt\\Fullstack\\osa4\\frontend\\src\\components\\ErrorMessage.js": {"path":"C:\\Users\\jaris\\Documents\\YLIOPISTO_2018-20\\Kesken_hylyt\\Fullstack\\osa4\\frontend\\src\\components\\ErrorMessage.js","statementMap":{"0":{"start":{"line":3,"column":21},"end":{"line":24,"column":1}},"1":{"start":{"line":4,"column":28},"end":{"line":13,"column":3}},"2":{"start":{"line":15,"column":2},"end":{"line":17,"column":3}},"3":{"start":{"line":16,"column":4},"end":{"line":16,"column":15}},"4":{"start":{"line":19,"column":2},"end":{"line":23,"column":3}}},"fnMap":{"0":{"name":"(anonymous_0)","decl":{"start":{"line":3,"column":21},"end":{"line":3,"column":22}},"loc":{"start":{"line":3,"column":38},"end":{"line":24,"column":1}},"line":3}},"branchMap":{"0":{"loc":{"start":{"line":15,"column":2},"end":{"line":17,"column":3}},"type":"if","locations":[{"start":{"line":15,"column":2},"end":{"line":17,"column":3}},{"start":{"line":15,"column":2},"end":{"line":17,"column":3}}],"line":15}},"s":{"0":0,"1":0,"2":0,"3":0,"4":0},"f":{"0":0},"b":{"0":[0,0]},"hash":"bf830279f4ccb061629c059a0c0b4e325ee7ba82"}
,"C:\\Users\\jaris\\Documents\\YLIOPISTO_2018-20\\Kesken_hylyt\\Fullstack\\osa4\\frontend\\src\\components\\Filter.js": {"path":"C:\\Users\\jaris\\Documents\\YLIOPISTO_2018-20\\Kesken_hylyt\\Fullstack\\osa4\\frontend\\src\\components\\Filter.js","statementMap":{"0":{"start":{"line":3,"column":15},"end":{"line":15,"column":1}},"1":{"start":{"line":4,"column":2},"end":{"line":14,"column":3}}},"fnMap":{"0":{"name":"(anonymous_0)","decl":{"start":{"line":3,"column":15},"end":{"line":3,"column":16}},"loc":{"start":{"line":3,"column":73},"end":{"line":15,"column":1}},"line":3}},"branchMap":{},"s":{"0":0,"1":0},"f":{"0":0},"b":{},"hash":"ed6ab459584733c9d8e6c67f7c8c48675c12e9d5"}
,"C:\\Users\\jaris\\Documents\\YLIOPISTO_2018-20\\Kesken_hylyt\\Fullstack\\osa4\\frontend\\src\\components\\Footer.js": {"path":"C:\\Users\\jaris\\Documents\\YLIOPISTO_2018-20\\Kesken_hylyt\\Fullstack\\osa4\\frontend\\src\\components\\Footer.js","statementMap":{"0":{"start":{"line":3,"column":15},"end":{"line":20,"column":1}},"1":{"start":{"line":4,"column":22},"end":{"line":8,"column":3}},"2":{"start":{"line":9,"column":2},"end":{"line":19,"column":3}}},"fnMap":{"0":{"name":"(anonymous_0)","decl":{"start":{"line":3,"column":15},"end":{"line":3,"column":16}},"loc":{"start":{"line":3,"column":21},"end":{"line":20,"column":1}},"line":3}},"branchMap":{},"s":{"0":0,"1":0,"2":0},"f":{"0":0},"b":{},"hash":"4cf0b0f8274e8531b47f7ba27c21d23411fc560f"}
,"C:\\Users\\jaris\\Documents\\YLIOPISTO_2018-20\\Kesken_hylyt\\Fullstack\\osa4\\frontend\\src\\components\\LoginForm.js": {"path":"C:\\Users\\jaris\\Documents\\YLIOPISTO_2018-20\\Kesken_hylyt\\Fullstack\\osa4\\frontend\\src\\components\\LoginForm.js","statementMap":{"0":{"start":{"line":5,"column":18},"end":{"line":51,"column":1}},"1":{"start":{"line":7,"column":2},"end":{"line":13,"column":3}},"2":{"start":{"line":15,"column":36},"end":{"line":15,"column":48}},"3":{"start":{"line":16,"column":36},"end":{"line":16,"column":48}},"4":{"start":{"line":18,"column":31},"end":{"line":18,"column":77}},"5":{"start":{"line":18,"column":44},"end":{"line":18,"column":75}},"6":{"start":{"line":19,"column":31},"end":{"line":19,"column":77}},"7":{"start":{"line":19,"column":44},"end":{"line":19,"column":75}},"8":{"start":{"line":21,"column":22},"end":{"line":30,"column":3}},"9":{"start":{"line":22,"column":4},"end":{"line":22,"column":26}},"10":{"start":{"line":23,"column":4},"end":{"line":26,"column":6}},"11":{"start":{"line":28,"column":4},"end":{"line":28,"column":19}},"12":{"start":{"line":29,"column":4},"end":{"line":29,"column":19}},"13":{"start":{"line":32,"column":2},"end":{"line":50,"column":3}}},"fnMap":{"0":{"name":"(anonymous_0)","decl":{"start":{"line":5,"column":18},"end":{"line":5,"column":19}},"loc":{"start":{"line":5,"column":37},"end":{"line":51,"column":1}},"line":5},"1":{"name":"(anonymous_1)","decl":{"start":{"line":18,"column":31},"end":{"line":18,"column":32}},"loc":{"start":{"line":18,"column":42},"end":{"line":18,"column":77}},"line":18},"2":{"name":"(anonymous_2)","decl":{"start":{"line":19,"column":31},"end":{"line":19,"column":32}},"loc":{"start":{"line":19,"column":42},"end":{"line":19,"column":77}},"line":19},"3":{"name":"(anonymous_3)","decl":{"start":{"line":21,"column":22},"end":{"line":21,"column":23}},"loc":{"start":{"line":21,"column":33},"end":{"line":30,"column":3}},"line":21}},"branchMap":{},"s":{"0":0,"1":0,"2":0,"3":0,"4":0,"5":0,"6":0,"7":0,"8":0,"9":0,"10":0,"11":0,"12":0,"13":0},"f":{"0":0,"1":0,"2":0,"3":0},"b":{},"hash":"b1654ab7ed319c415e282b125be73a41d0f0106f"}
,"C:\\Users\\jaris\\Documents\\YLIOPISTO_2018-20\\Kesken_hylyt\\Fullstack\\osa4\\frontend\\src\\components\\Message.js": {"path":"C:\\Users\\jaris\\Documents\\YLIOPISTO_2018-20\\Kesken_hylyt\\Fullstack\\osa4\\frontend\\src\\components\\Message.js","statementMap":{"0":{"start":{"line":3,"column":16},"end":{"line":24,"column":1}},"1":{"start":{"line":4,"column":23},"end":{"line":13,"column":3}},"2":{"start":{"line":15,"column":2},"end":{"line":17,"column":3}},"3":{"start":{"line":16,"column":4},"end":{"line":16,"column":15}},"4":{"start":{"line":19,"column":2},"end":{"line":23,"column":3}}},"fnMap":{"0":{"name":"(anonymous_0)","decl":{"start":{"line":3,"column":16},"end":{"line":3,"column":17}},"loc":{"start":{"line":3,"column":33},"end":{"line":24,"column":1}},"line":3}},"branchMap":{"0":{"loc":{"start":{"line":15,"column":2},"end":{"line":17,"column":3}},"type":"if","locations":[{"start":{"line":15,"column":2},"end":{"line":17,"column":3}},{"start":{"line":15,"column":2},"end":{"line":17,"column":3}}],"line":15}},"s":{"0":0,"1":0,"2":0,"3":0,"4":0},"f":{"0":0},"b":{"0":[0,0]},"hash":"e023037c3587c57c4a15805781d54b5b699eb0e2"}
,"C:\\Users\\jaris\\Documents\\YLIOPISTO_2018-20\\Kesken_hylyt\\Fullstack\\osa4\\frontend\\src\\components\\Togglable.js": {"path":"C:\\Users\\jaris\\Documents\\YLIOPISTO_2018-20\\Kesken_hylyt\\Fullstack\\osa4\\frontend\\src\\components\\Togglable.js","statementMap":{"0":{"start":{"line":5,"column":18},"end":{"line":45,"column":2}},"1":{"start":{"line":7,"column":2},"end":{"line":9,"column":3}},"2":{"start":{"line":11,"column":17},"end":{"line":11,"column":40}},"3":{"start":{"line":12,"column":19},"end":{"line":12,"column":39}},"4":{"start":{"line":14,"column":32},"end":{"line":14,"column":47}},"5":{"start":{"line":16,"column":26},"end":{"line":16,"column":60}},"6":{"start":{"line":17,"column":26},"end":{"line":17,"column":60}},"7":{"start":{"line":19,"column":27},"end":{"line":24,"column":3}},"8":{"start":{"line":20,"column":4},"end":{"line":20,"column":24}},"9":{"start":{"line":21,"column":4},"end":{"line":23,"column":5}},"10":{"start":{"line":22,"column":6},"end":{"line":22,"column":28}},"11":{"start":{"line":26,"column":2},"end":{"line":30,"column":4}},"12":{"start":{"line":27,"column":4},"end":{"line":29,"column":5}},"13":{"start":{"line":32,"column":2},"end":{"line":44,"column":3}},"14":{"start":{"line":47,"column":0},"end":{"line":47,"column":35}}},"fnMap":{"0":{"name":"(anonymous_0)","decl":{"start":{"line":5,"column":35},"end":{"line":5,"column":36}},"loc":{"start":{"line":5,"column":51},"end":{"line":45,"column":1}},"line":5},"1":{"name":"(anonymous_1)","decl":{"start":{"line":19,"column":27},"end":{"line":19,"column":28}},"loc":{"start":{"line":19,"column":33},"end":{"line":24,"column":3}},"line":19},"2":{"name":"(anonymous_2)","decl":{"start":{"line":26,"column":27},"end":{"line":26,"column":28}},"loc":{"start":{"line":26,"column":33},"end":{"line":30,"column":3}},"line":26}},"branchMap":{"0":{"loc":{"start":{"line":16,"column":37},"end":{"line":16,"column":58}},"type":"cond-expr","locations":[{"start":{"line":16,"column":47},"end":{"line":16,"column":53}},{"start":{"line":16,"column":56},"end":{"line":16,"column":58}}],"line":16},"1":{"loc":{"start":{"line":17,"column":37},"end":{"line":17,"column":58}},"type":"cond-expr","locations":[{"start":{"line":17,"column":47},"end":{"line":17,"column":49}},{"start":{"line":17,"column":52},"end":{"line":17,"column":58}}],"line":17},"2":{"loc":{"start":{"line":21,"column":4},"end":{"line":23,"column":5}},"type":"if","locations":[{"start":{"line":21,"column":4},"end":{"line":23,"column":5}},{"start":{"line":21,"column":4},"end":{"line":23,"column":5}}],"line":21}},"s":{"0":1,"1":7,"2":7,"3":7,"4":7,"5":7,"6":7,"7":7,"8":3,"9":3,"10":1,"11":7,"12":0,"13":7,"14":1},"f":{"0":7,"1":3,"2":0},"b":{"0":[2,5],"1":[2,5],"2":[1,2]},"_coverageSchema":"43e27e138ebf9cfc5966b082cf9a028302ed4184","hash":"8f218ab6ee97eccc0f9996334295ecdb8f32c4ca"}
,"C:\\Users\\jaris\\Documents\\YLIOPISTO_2018-20\\Kesken_hylyt\\Fullstack\\osa4\\frontend\\src\\services\\blogs.js": {"path":"C:\\Users\\jaris\\Documents\\YLIOPISTO_2018-20\\Kesken_hylyt\\Fullstack\\osa4\\frontend\\src\\services\\blogs.js","statementMap":{"0":{"start":{"line":3,"column":16},"end":{"line":3,"column":28}},"1":{"start":{"line":5,"column":12},"end":{"line":5,"column":16}},"2":{"start":{"line":7,"column":17},"end":{"line":9,"column":1}},"3":{"start":{"line":8,"column":2},"end":{"line":8,"column":30}},"4":{"start":{"line":11,"column":15},"end":{"line":15,"column":1}},"5":{"start":{"line":12,"column":18},"end":{"line":12,"column":36}},"6":{"start":{"line":13,"column":19},"end":{"line":13,"column":32}},"7":{"start":{"line":14,"column":2},"end":{"line":14,"column":22}},"8":{"start":{"line":17,"column":15},"end":{"line":24,"column":1}},"9":{"start":{"line":18,"column":17},"end":{"line":20,"column":3}},"10":{"start":{"line":21,"column":18},"end":{"line":21,"column":56}},"11":{"start":{"line":22,"column":19},"end":{"line":22,"column":32}},"12":{"start":{"line":23,"column":2},"end":{"line":23,"column":22}},"13":{"start":{"line":26,"column":15},"end":{"line":30,"column":1}},"14":{"start":{"line":27,"column":18},"end":{"line":27,"column":58}},"15":{"start":{"line":28,"column":19},"end":{"line":28,"column":32}},"16":{"start":{"line":29,"column":2},"end":{"line":29,"column":22}},"17":{"start":{"line":32,"column":15},"end":{"line":39,"column":1}},"18":{"start":{"line":33,"column":17},"end":{"line":35,"column":3}},"19":{"start":{"line":36,"column":18},"end":{"line":36,"column":58}},"20":{"start":{"line":37,"column":19},"end":{"line":37,"column":32}},"21":{"start":{"line":38,"column":2},"end":{"line":38,"column":22}}},"fnMap":{"0":{"name":"(anonymous_0)","decl":{"start":{"line":7,"column":17},"end":{"line":7,"column":18}},"loc":{"start":{"line":7,"column":29},"end":{"line":9,"column":1}},"line":7},"1":{"name":"(anonymous_1)","decl":{"start":{"line":11,"column":15},"end":{"line":11,"column":16}},"loc":{"start":{"line":11,"column":27},"end":{"line":15,"column":1}},"line":11},"2":{"name":"(anonymous_2)","decl":{"start":{"line":17,"column":15},"end":{"line":17,"column":16}},"loc":{"start":{"line":17,"column":34},"end":{"line":24,"column":1}},"line":17},"3":{"name":"(anonymous_3)","decl":{"start":{"line":26,"column":15},"end":{"line":26,"column":16}},"loc":{"start":{"line":26,"column":40},"end":{"line":30,"column":1}},"line":26},"4":{"name":"(anonymous_4)","decl":{"start":{"line":32,"column":15},"end":{"line":32,"column":16}},"loc":{"start":{"line":32,"column":27},"end":{"line":39,"column":1}},"line":32}},"branchMap":{},"s":{"0":0,"1":0,"2":0,"3":0,"4":0,"5":0,"6":0,"7":0,"8":0,"9":0,"10":0,"11":0,"12":0,"13":0,"14":0,"15":0,"16":0,"17":0,"18":0,"19":0,"20":0,"21":0},"f":{"0":0,"1":0,"2":0,"3":0,"4":0},"b":{},"hash":"3c63c2035872cbd63bd2aebd038deca9ff0cb68c"}
,"C:\\Users\\jaris\\Documents\\YLIOPISTO_2018-20\\Kesken_hylyt\\Fullstack\\osa4\\frontend\\src\\services\\login.js": {"path":"C:\\Users\\jaris\\Documents\\YLIOPISTO_2018-20\\Kesken_hylyt\\Fullstack\\osa4\\frontend\\src\\services\\login.js","statementMap":{"0":{"start":{"line":2,"column":16},"end":{"line":2,"column":28}},"1":{"start":{"line":4,"column":14},"end":{"line":7,"column":1}},"2":{"start":{"line":5,"column":19},"end":{"line":5,"column":57}},"3":{"start":{"line":6,"column":2},"end":{"line":6,"column":22}}},"fnMap":{"0":{"name":"(anonymous_0)","decl":{"start":{"line":4,"column":14},"end":{"line":4,"column":15}},"loc":{"start":{"line":4,"column":35},"end":{"line":7,"column":1}},"line":4}},"branchMap":{},"s":{"0":0,"1":0,"2":0,"3":0},"f":{"0":0},"b":{},"hash":"65d0f2bde293b611d98cf6a05beac64da60abe74"}
}
